08:54:43 **** Build of configuration Debug for project ALTERNATING_LED ****
make -j12 all 
arm-none-eabi-gcc -mcpu=cortex-m4 -g3 -DDEBUG -c -I"C:/Users/hp/STM32CubeIDE/workspace_2.0.0/STM 32 f446re drivers/ALTERNATING_LED/DRIVERS/Inc" -x assembler-with-cpp -MMD -MP -MF"Startup/startup_stm32f446retx.d" -MT"Startup/startup_stm32f446retx.o" --specs=nano.specs -mfloat-abi=soft -mthumb -o "Startup/startup_stm32f446retx.o" "../Startup/startup_stm32f446retx.s"
arm-none-eabi-gcc "../Src/main.c" -mcpu=cortex-m4 -std=gnu11 -g3 -DDEBUG -DSTM32 -DSTM32F4 -DSTM32F446RETx -c -I"C:/Users/hp/STM32CubeIDE/workspace_2.0.0/STM 32 f446re drivers/ALTERNATING_LED/DRIVERS" -I"C:/Users/hp/STM32CubeIDE/workspace_2.0.0/STM 32 f446re drivers/ALTERNATING_LED/Inc" -O0 -ffunction-sections -fdata-sections -Wall -fstack-usage -fcyclomatic-complexity -MMD -MP -MF"Src/main.d" -MT"Src/main.o" --specs=nano.specs -mfloat-abi=soft -mthumb -o "Src/main.o"
arm-none-eabi-gcc "../Src/syscalls.c" -mcpu=cortex-m4 -std=gnu11 -g3 -DDEBUG -DSTM32 -DSTM32F4 -DSTM32F446RETx -c -I"C:/Users/hp/STM32CubeIDE/workspace_2.0.0/STM 32 f446re drivers/ALTERNATING_LED/DRIVERS" -I"C:/Users/hp/STM32CubeIDE/workspace_2.0.0/STM 32 f446re drivers/ALTERNATING_LED/Inc" -O0 -ffunction-sections -fdata-sections -Wall -fstack-usage -fcyclomatic-complexity -MMD -MP -MF"Src/syscalls.d" -MT"Src/syscalls.o" --specs=nano.specs -mfloat-abi=soft -mthumb -o "Src/syscalls.o"
arm-none-eabi-gcc "../Src/sysmem.c" -mcpu=cortex-m4 -std=gnu11 -g3 -DDEBUG -DSTM32 -DSTM32F4 -DSTM32F446RETx -c -I"C:/Users/hp/STM32CubeIDE/workspace_2.0.0/STM 32 f446re drivers/ALTERNATING_LED/DRIVERS" -I"C:/Users/hp/STM32CubeIDE/workspace_2.0.0/STM 32 f446re drivers/ALTERNATING_LED/Inc" -O0 -ffunction-sections -fdata-sections -Wall -fstack-usage -fcyclomatic-complexity -MMD -MP -MF"Src/sysmem.d" -MT"Src/sysmem.o" --specs=nano.specs -mfloat-abi=soft -mthumb -o "Src/sysmem.o"
../Src/main.c:20:10: fatal error: STM32_GPIO_DRIVER.h: No such file or directory
   20 | #include "STM32_GPIO_DRIVER.h"
      |          ^~~~~~~~~~~~~~~~~~~~~
compilation terminated.
make: *** [Src/subdir.mk:25: Src/main.o] Error 1
make: *** Waiting for unfinished jobs....
"make -j12 all" terminated with exit code 2. Build might be incomplete.

08:54:44 Build Failed. 3 errors, 0 warnings. (took 788ms)

